<?xml version="1.0" encoding="UTF-8"?>
<!-- Generated by org.testng.reporters.JUnitReportReporter -->
<testsuite hostname="DESKTOP-3JQSB7F" name="com.mvn.Sample1.AppTest" tests="1" failures="0" timestamp="7 May 2019 07:26:51 GMT" time="0.003" errors="0">
  <testcase name="testApp" time="0.003" classname="com.mvn.Sample1.AppTest"/>
</testsuite> <!-- com.mvn.Sample1.AppTest -->
